05/16/2014 08:57:35 INICIANDO...
05/16/2014 08:57:35 1.3.7.0
05/16/2014 08:57:35 Usuário: f7292219
05/16/2014 08:57:35  6.1.7601
05/16/2014 08:57:35  true
05/16/2014 08:57:35 Verificando se Mozilla Firefox está instalado...
05/16/2014 08:57:35 Mozilla Firefox instalado.
05/16/2014 08:57:35 [Funcionamento do Serviço] Verificando...
05/16/2014 08:57:35 [Funcionamento do Serviço] Ok.
05/16/2014 08:57:35 [Instalação de certificados raíz] Verificando...
05/16/2014 08:57:35 [Instalação de certificados raíz] Efetuando download do instalador...
05/16/2014 08:58:08 [Instalação de certificados raíz] Ocorreu um problema durante o download.
05/16/2014 08:58:08 [Permissões dos arquivos do StormFish] Verificando...
05/16/2014 08:58:08 [Permissões dos arquivos do StormFish] Ok.
05/16/2014 08:58:08 [Instalação do StormFish] Verificando...
05/16/2014 08:58:08 [Instalação do StormFish] Efetuando download do instalador...
05/16/2014 08:58:09 [Instalação do StormFish] Instalando...
05/16/2014 08:58:38 [Instalação do StormFish] Ok.
05/16/2014 08:58:38 [Permissões dos arquivos do Plugin] Verificando...
05/16/2014 08:58:38 [Permissões dos arquivos do Plugin] Ok.
05/16/2014 08:58:38 [Limpeza do cache no Internet Explorer] Verificando...
05/16/2014 08:58:38 [Limpeza do cache no Internet Explorer] Limpando...
05/16/2014 08:58:38 [Limpeza do cache no Internet Explorer] Ok.
05/16/2014 08:58:38 [Instalação do Plugin no Internet Explorer] Verificando...
05/16/2014 08:58:38 [Instalação do Plugin no Internet Explorer] Efetuando download do instalador...
05/16/2014 08:58:38 [Instalação do Plugin no Internet Explorer] Instalando...
05/16/2014 08:59:08 [Instalação do Plugin no Internet Explorer] Será necessário reiniciar o computador para finalizar a instalação.
05/16/2014 08:59:08 [Ativação ActiveX no Internet Explorer] Verificando...
05/16/2014 08:59:08 [Ativação ActiveX no Internet Explorer] Ok.
05/16/2014 08:59:08 [Sites confiáveis no Internet Explorer] Verificando url(s) dos domínios confiáveis...
05/16/2014 08:59:08 [Sites confiáveis no Internet Explorer] Ok.
05/16/2014 08:59:08 [Ativação do Plugin no Internet Explorer] Verificando...
05/16/2014 08:59:08 [Ativação do Plugin no Internet Explorer] Ok.
05/16/2014 08:59:08 [Limpeza do cache no Mozilla Firefox] Verificando...
05/16/2014 08:59:08 [Limpeza do cache no Mozilla Firefox] Ok.
05/16/2014 08:59:08 [Sites confiáveis no Mozilla Firefox] Verificando url(s) dos domínios confiáveis...
05/16/2014 08:59:08 [Sites confiáveis no Mozilla Firefox] Ok.
05/16/2014 08:59:08 [Segurança no Mozilla Firefox] Verificando...
05/16/2014 08:59:08 [Segurança no Mozilla Firefox] Ok.
05/16/2014 08:59:08 [Ativação Plugin no Mozilla Firefox] Verificando...
05/16/2014 08:59:08 [Ativação Plugin no Mozilla Firefox] Ok.
05/16/2014 08:59:19 Reiniciando o sistema...
05/16/2014 08:59:19 CONCLUÍDO.
05/16/2014 09:03:02 INICIANDO...
05/16/2014 09:03:02 1.3.7.0
05/16/2014 09:03:02 Usuário: f7292219
05/16/2014 09:03:02  6.1.7601
05/16/2014 09:03:02  true
05/16/2014 09:03:02 Verificando se Mozilla Firefox está instalado...
05/16/2014 09:03:02 Mozilla Firefox instalado.
05/16/2014 09:03:02 [Instalação de certificados raíz] Verificando...
05/16/2014 09:03:02 [Instalação de certificados raíz] Efetuando download do instalador...
05/16/2014 09:03:35 [Instalação de certificados raíz] Ocorreu um problema durante o download.
05/16/2014 09:03:35 [Instalação do Plugin no Internet Explorer] Verificando...
05/16/2014 09:03:35 [Instalação do Plugin no Internet Explorer] Ok.
05/16/2014 09:03:35 Foram detectados problemas durante a execução do processo.
05/16/2014 09:03:35 CONCLUÍDO.
